<?xml version="1.0" encoding="UTF-8"?>
<!-- Generated by org.testng.reporters.JUnitXMLReporter -->
<testsuite hostname="ramyacs-MOBL" name="Default test" tests="3" failures="0" timestamp="2 Mar 2018 17:13:02 GMT" time="0.062" errors="0">
  <testcase name="googleLogoTest" time="0.01" classname="testNgPractice.TestNgBasics"/>
  <testcase name="googleTitleTest" time="0.005" classname="testNgPractice.TestNgBasics"/>
  <testcase name="searchTest" time="0.002" classname="testNgPractice.TestNgBasics"/>
</testsuite> <!-- Default test -->
