<?xml version="1.0" encoding="UTF-8"?>
<!-- Generated by org.testng.reporters.JUnitXMLReporter -->
<testsuite hostname="ramyacs-MOBL" name="TestName" tests="27" failures="1" timestamp="14 Feb 2018 10:36:23 GMT" time="59.075" errors="0">
  <testcase name="googleLogoTest" time="0.009" classname="testNgPractice.TestNgBasics"/>
  <testcase name="googleTitleTest" time="0.003" classname="testNgPractice.TestNgBasics"/>
  <testcase name="searchTest" time="0.002" classname="testNgPractice.TestNgBasics"/>
  <testcase name="getGoogleTitle" time="0.024" classname="testNgPractice.GoogleTest"/>
  <testcase name="googleLogoTest" time="0.115" classname="testNgPractice.GoogleTest"/>
  <testcase name="mailLinkTest" time="0.069" classname="testNgPractice.GoogleTest"/>
  <testcase name="test2" time="0.004" classname="testNgPractice.GoogleTest"/>
  <testcase name="test1" time="0.002" classname="testNgPractice.GoogleTest"/>
  <testcase name="googleLogoTest" time="0.09" classname="testNgPractice.GoogleTitleTest">
    <failure type="java.lang.AssertionError" message="expected [true] but found [true]">
      <![CDATA[java.lang.AssertionError: expected [true] but found [true]
	at testNgPractice.GoogleTitleTest.googleLogoTest(GoogleTitleTest.java:45)
... Removed 28 stack frames]]>
    </failure>
  </testcase> <!-- googleLogoTest -->
  <testcase name="getGoogleTitle" time="0.045" classname="testNgPractice.GoogleTitleTest"/>
  <testcase name="sum" time="0.003" classname="testNgPractice.InvocationCountTest"/>
  <testcase name="sum" time="0.002" classname="testNgPractice.InvocationCountTest"/>
  <testcase name="sum" time="0.003" classname="testNgPractice.InvocationCountTest"/>
  <testcase name="sum" time="0.008" classname="testNgPractice.InvocationCountTest"/>
  <testcase name="sum" time="0.001" classname="testNgPractice.InvocationCountTest"/>
  <testcase name="sum" time="0.001" classname="testNgPractice.InvocationCountTest"/>
  <testcase name="sum" time="0.001" classname="testNgPractice.InvocationCountTest"/>
  <testcase name="sum" time="0.001" classname="testNgPractice.InvocationCountTest"/>
  <testcase name="sum" time="0.002" classname="testNgPractice.InvocationCountTest"/>
  <testcase name="sum" time="0.001" classname="testNgPractice.InvocationCountTest"/>
  <testcase name="loginPageTest" time="0.001" classname="testNgPractice.TestNgDependency"/>
  <testcase name="homePageTest" time="0.001" classname="testNgPractice.TestNgDependency"/>
  <testcase name="searchPageTest" time="0.002" classname="testNgPractice.TestNgDependency"/>
  <testcase name="method1Test" time="0.001" classname="testNgPractice.TestNgGroup"/>
  <testcase name="method2Test" time="0.001" classname="testNgPractice.TestNgGroup"/>
  <testcase name="method3Test" time="0.001" classname="testNgPractice.TestNgGroup"/>
  <testcase name="method4Test" time="0.001" classname="testNgPractice.TestNgGroup"/>
</testsuite> <!-- TestName -->
